accountsservice					install
acl						install
acpi-support					install
acpid						install
adduser						install
adium-theme-ubuntu				install
adwaita-icon-theme				install
aisleriot					install
alsa-base					install
alsa-utils					install
amd64-microcode					install
anacron						install
apg						install
app-install-data-partner			install
apparmor					install
apport						install
apport-gtk					install
apport-symptoms					install
appstream					install
apt						install
apt-config-icons				install
apt-utils					install
aptdaemon					install
aptdaemon-data					install
apturl						install
apturl-common					install
aspell						install
aspell-en					install
at-spi2-core					install
autotools-dev					install
avahi-autoipd					install
avahi-daemon					install
avahi-utils					install
baobab						install
base-files					install
base-passwd					install
bash						install
bash-completion					install
bc						install
bind9-host					install
binutils					install
binutils-common:amd64				install
binutils-x86-64-linux-gnu			install
bluez						install
bluez-cups					install
bluez-obexd					install
bolt						install
branding-ubuntu					install
brltty						install
bsdmainutils					install
bsdutils					install
bubblewrap					install
build-essential					install
busybox-initramfs				install
busybox-static					install
bzip2						install
ca-certificates					install
ca-certificates-java				install
cabextract					install
calibre						install
calibre-bin					install
cheese						install
cheese-common					install
chromium-codecs-ffmpeg-extra			install
cmake						install
cmake-data					install
colord						install
colord-data					install
colordiff					install
command-not-found				install
command-not-found-data				install
console-setup					install
console-setup-linux				install
coreutils					install
cowsay						install
cpio						install
cpp						install
cpp-7						install
cpufrequtils					install
cracklib-runtime				install
crda						install
cron						install
cryptsetup					install
cryptsetup-bin					install
cups						install
cups-browsed					install
cups-bsd					install
cups-client					install
cups-common					install
cups-core-drivers				install
cups-daemon					install
cups-filters					install
cups-filters-core-drivers			install
cups-ipp-utils					install
cups-pk-helper					install
cups-ppdc					install
cups-server-common				install
curl						install
darktable					install
darktable-dbg					install
dash						install
datovka						install
dbus						install
dbus-user-session				install
dbus-x11					install
dc						install
dconf-cli					install
dconf-editor					install
dconf-gsettings-backend:amd64			install
dconf-service					install
dconf-tools					install
ddate						install
debconf						install
debconf-i18n					install
debianutils					install
default-jdk					install
default-jdk-headless				install
default-jre					install
default-jre-headless				install
deja-dup					install
desktop-file-utils				install
dh-python					install
dictionaries-common				install
diffstat					install
diffutils					install
direnv						install
dirmngr						install
distro-info-data				install
dkms						install
dmeventd					install
dmidecode					install
dmsetup						install
dmz-cursor-theme				install
dns-root-data					install
dnsmasq-base					install
dnsutils					install
dosfstools					install
dpkg						install
dpkg-dev					install
dropbox						install
duplicity					install
e2fsprogs					install
ed						install
efibootmgr					install
eject						install
emacsen-common					install
enchant						install
eog						install
espeak-ng-data:amd64				install
ethtool						install
evince						install
evince-common					install
evolution-data-server				install
evolution-data-server-common			install
example-content					install
exfat-fuse					install
exfat-utils					install
fakeroot					install
fdisk						install
ffmpeg						install
file						install
file-roller					install
findutils					install
firefox						install
firefox-locale-en				install
fluid-soundfont-gm				install
fluid-soundfont-gs				install
fontconfig					install
fontconfig-config				install
fonts-adf-accanthis				install
fonts-adf-berenis				install
fonts-adf-gillius				install
fonts-adf-universalis				install
fonts-beng					install
fonts-beng-extra				install
fonts-cabin					install
fonts-comfortaa					install
fonts-croscore					install
fonts-crosextra-caladea				install
fonts-crosextra-carlito				install
fonts-dejavu-core				install
fonts-dejavu-extra				install
fonts-deva					install
fonts-deva-extra				install
fonts-droid-fallback				install
fonts-ebgaramond				install
fonts-ebgaramond-extra				install
fonts-font-awesome				install
fonts-freefont-otf				install
fonts-freefont-ttf				install
fonts-gargi					install
fonts-gfs-artemisia				install
fonts-gfs-complutum				install
fonts-gfs-didot					install
fonts-gfs-neohellenic				install
fonts-gfs-olga					install
fonts-gfs-solomos				install
fonts-go					install
fonts-gubbi					install
fonts-gujr					install
fonts-gujr-extra				install
fonts-guru					install
fonts-guru-extra				install
fonts-indic					install
fonts-junicode					install
fonts-kacst					install
fonts-kacst-one					install
fonts-kalapi					install
fonts-khmeros-core				install
fonts-knda					install
fonts-lao					install
fonts-lato					install
fonts-liberation				install
fonts-liberation2				install
fonts-linuxlibertine				install
fonts-lklug-sinhala				install
fonts-lmodern					install
fonts-lobster					install
fonts-lobstertwo				install
fonts-lohit-beng-assamese			install
fonts-lohit-beng-bengali			install
fonts-lohit-deva				install
fonts-lohit-gujr				install
fonts-lohit-guru				install
fonts-lohit-knda				install
fonts-lohit-mlym				install
fonts-lohit-orya				install
fonts-lohit-taml				install
fonts-lohit-taml-classical			install
fonts-lohit-telu				install
fonts-mathjax					install
fonts-mlym					install
fonts-nakula					install
fonts-navilu					install
fonts-noto-cjk					install
fonts-noto-color-emoji				install
fonts-noto-hinted				install
fonts-noto-mono					install
fonts-oflb-asana-math				install
fonts-open-sans					install
fonts-opensymbol				install
fonts-orya					install
fonts-orya-extra				install
fonts-pagul					install
fonts-roboto-hinted				install
fonts-sahadeva					install
fonts-samyak-deva				install
fonts-samyak-gujr				install
fonts-samyak-mlym				install
fonts-samyak-taml				install
fonts-sarai					install
fonts-sil-abyssinica				install
fonts-sil-gentium				install
fonts-sil-gentium-basic				install
fonts-sil-gentiumplus				install
fonts-sil-gentiumplus-compact			install
fonts-sil-padauk				install
fonts-smc					install
fonts-smc-anjalioldlipi				install
fonts-smc-chilanka				install
fonts-smc-dyuthi				install
fonts-smc-karumbi				install
fonts-smc-keraleeyam				install
fonts-smc-manjari				install
fonts-smc-meera					install
fonts-smc-rachana				install
fonts-smc-raghumalayalamsans			install
fonts-smc-suruma				install
fonts-smc-uroob					install
fonts-stix					install
fonts-taml					install
fonts-telu					install
fonts-telu-extra				install
fonts-texgyre					install
fonts-thai-tlwg					install
fonts-tibetan-machine				install
fonts-tlwg-garuda				install
fonts-tlwg-garuda-ttf				install
fonts-tlwg-kinnari				install
fonts-tlwg-kinnari-ttf				install
fonts-tlwg-laksaman				install
fonts-tlwg-laksaman-ttf				install
fonts-tlwg-loma					install
fonts-tlwg-loma-ttf				install
fonts-tlwg-mono					install
fonts-tlwg-mono-ttf				install
fonts-tlwg-norasi				install
fonts-tlwg-norasi-ttf				install
fonts-tlwg-purisa				install
fonts-tlwg-purisa-ttf				install
fonts-tlwg-sawasdee				install
fonts-tlwg-sawasdee-ttf				install
fonts-tlwg-typewriter				install
fonts-tlwg-typewriter-ttf			install
fonts-tlwg-typist				install
fonts-tlwg-typist-ttf				install
fonts-tlwg-typo					install
fonts-tlwg-typo-ttf				install
fonts-tlwg-umpush				install
fonts-tlwg-umpush-ttf				install
fonts-tlwg-waree				install
fonts-tlwg-waree-ttf				install
fonts-ubuntu					install
fonts-wine					install
foomatic-db-compressed-ppds			install
fortune-mod					install
fortunes-min					install
friendly-recovery				install
ftp						install
fuse						install
fwupd						install
fwupd-signed					install
fwupdate					install
fwupdate-signed					install
g++						install
g++-7						install
gcc						install
gcc-7						install
gcc-7-base:amd64				install
gcc-8-base:amd64				install
gcc-8-base:i386					install
gcr						install
gdb						install
gdbserver					install
gdisk						install
gdm3						install
gedit						install
gedit-common					install
genisoimage					install
geoclue-2.0					install
geogebra					install
geoip-database					install
gettext						install
gettext-base					install
ghostscript					install
ghostscript-x					install
gir1.2-accountsservice-1.0			install
gir1.2-appindicator3-0.1			install
gir1.2-atk-1.0:amd64				install
gir1.2-atspi-2.0:amd64				install
gir1.2-dbusmenu-glib-0.4:amd64			install
gir1.2-dee-1.0					install
gir1.2-freedesktop:amd64			install
gir1.2-gck-1:amd64				install
gir1.2-gcr-3:amd64				install
gir1.2-gdesktopenums-3.0:amd64			install
gir1.2-gdkpixbuf-2.0:amd64			install
gir1.2-gdm-1.0					install
gir1.2-geoclue-2.0:amd64			install
gir1.2-geocodeglib-1.0:amd64			install
gir1.2-glib-2.0:amd64				install
gir1.2-gmenu-3.0:amd64				install
gir1.2-gnomebluetooth-1.0:amd64			install
gir1.2-gnomedesktop-3.0:amd64			install
gir1.2-goa-1.0:amd64				install
gir1.2-gst-plugins-base-1.0:amd64		install
gir1.2-gstreamer-1.0:amd64			install
gir1.2-gtk-3.0:amd64				install
gir1.2-gtksource-3.0:amd64			install
gir1.2-gudev-1.0:amd64				install
gir1.2-gweather-3.0:amd64			install
gir1.2-ibus-1.0:amd64				install
gir1.2-javascriptcoregtk-4.0:amd64		install
gir1.2-json-1.0:amd64				install
gir1.2-keybinder-3.0				install
gir1.2-mutter-2:amd64				install
gir1.2-nm-1.0:amd64				install
gir1.2-nma-1.0:amd64				install
gir1.2-notify-0.7:amd64				install
gir1.2-packagekitglib-1.0			install
gir1.2-pango-1.0:amd64				install
gir1.2-peas-1.0:amd64				install
gir1.2-polkit-1.0				install
gir1.2-rb-3.0:amd64				install
gir1.2-rsvg-2.0:amd64				install
gir1.2-secret-1:amd64				install
gir1.2-snapd-1:amd64				install
gir1.2-soup-2.4:amd64				install
gir1.2-totem-1.0:amd64				install
gir1.2-totemplparser-1.0:amd64			install
gir1.2-udisks-2.0:amd64				install
gir1.2-unity-5.0:amd64				install
gir1.2-upowerglib-1.0:amd64			install
gir1.2-vte-2.91:amd64				install
gir1.2-webkit2-4.0:amd64			install
gir1.2-wnck-3.0:amd64				install
git						install
git-man						install
gjs						install
gkbd-capplet					install
glib-networking:amd64				install
glib-networking-common				install
glib-networking-services			install
gnome-accessibility-themes			install
gnome-bluetooth					install
gnome-calendar					install
gnome-control-center				install
gnome-control-center-data			install
gnome-control-center-faces			install
gnome-desktop3-data				install
gnome-disk-utility				install
gnome-font-viewer				install
gnome-getting-started-docs			install
gnome-initial-setup				install
gnome-keyring					install
gnome-keyring-pkcs11:amd64			install
gnome-mahjongg					install
gnome-menus					install
gnome-mines					install
gnome-online-accounts				install
gnome-power-manager				install
gnome-screenshot				install
gnome-session-bin				install
gnome-session-canberra				install
gnome-session-common				install
gnome-settings-daemon				install
gnome-settings-daemon-schemas			install
gnome-shell					install
gnome-shell-common				install
gnome-shell-extension-appindicator		install
gnome-shell-extension-ubuntu-dock		install
gnome-software					install
gnome-software-common				install
gnome-software-plugin-snap			install
gnome-startup-applications			install
gnome-sudoku					install
gnome-terminal					install
gnome-terminal-data				install
gnome-themes-extra:amd64			install
gnome-themes-extra-data				install
gnome-todo					install
gnome-todo-common				install
gnome-tweaks					install
gnome-user-docs					install
gnome-user-guide				install
gnome-video-effects				install
gnupg						install
gnupg-l10n					install
gnupg-utils					install
gnupg2						install
google-chrome-stable				install
gpg						install
gpg-agent					install
gpg-wks-client					install
gpg-wks-server					install
gpgconf						install
gpgsm						install
gpgv						install
gphoto2						install
graphviz					install
grep						install
grilo-plugins-0.3-base:amd64			install
groff-base					install
grub-common					install
grub-efi-amd64-bin				install
grub-efi-amd64-signed				install
grub-gfxpayload-lists				install
grub-pc						install
grub-pc-bin					install
grub2-common					install
gsettings-desktop-schemas			install
gsettings-ubuntu-schemas			install
gsfonts						install
gstreamer1.0-alsa:amd64				install
gstreamer1.0-clutter-3.0:amd64			install
gstreamer1.0-fluendo-mp3:amd64			install
gstreamer1.0-gl:amd64				install
gstreamer1.0-gtk3:amd64				install
gstreamer1.0-libav:amd64			install
gstreamer1.0-packagekit				install
gstreamer1.0-plugins-base:amd64			install
gstreamer1.0-plugins-base:i386			install
gstreamer1.0-plugins-base-apps			install
gstreamer1.0-plugins-good:amd64			install
gstreamer1.0-plugins-ugly:amd64			install
gstreamer1.0-pulseaudio:amd64			install
gstreamer1.0-tools				install
gstreamer1.0-vaapi:amd64			install
gstreamer1.0-x:amd64				install
gtk-update-icon-cache				install
gtk2-engines-murrine:amd64			install
gtk2-engines-pixbuf:amd64			install
guile-2.0-libs:amd64				install
gvfs:amd64					install
gvfs-backends					install
gvfs-bin					install
gvfs-common					install
gvfs-daemons					install
gvfs-fuse					install
gvfs-libs:amd64					install
gzip						install
hdparm						install
hicolor-icon-theme				install
hostname					install
hplip						install
hplip-data					install
htop						install
httpie						install
humanity-icon-theme				install
hunspell-en-us					install
hyphen-en-us					install
i7z						install
i965-va-driver:amd64				install
ibus						install
ibus-gtk:amd64					install
ibus-gtk3:amd64					install
ibus-table					install
ibverbs-providers:amd64				install
ifupdown					install
iio-sensor-proxy				install
im-config					install
imagemagick					install
imagemagick-6-common				install
imagemagick-6.q16				install
indicator-cpufreq				install
info						install
init						install
init-system-helpers				install
initramfs-tools					install
initramfs-tools-bin				install
initramfs-tools-core				install
inputattach					install
install-info					install
intel-microcode					install
intltool-debian					install
ippusbxd					install
iproute2					install
iptables					install
iputils-arping					install
iputils-ping					install
iputils-tracepath				install
irqbalance					install
isc-dhcp-client					install
isc-dhcp-common					install
iso-codes					install
iucode-tool					install
iw						install
java-common					install
javascript-common				install
junit						install
junit4						install
kazam						install
kbd						install
kerneloops					install
keyboard-configuration				install
klibc-utils					install
kmod						install
krb5-locales					install
language-pack-en				install
language-pack-en-base				install
language-pack-gnome-en				install
language-pack-gnome-en-base			install
language-selector-common			install
language-selector-gnome				install
laptop-detect					install
less						install
lib32gcc1					install
liba52-0.7.4:amd64				install
libaa1:amd64					install
libaacs0:amd64					install
libabw-0.1-1:amd64				install
libaccountsservice0:amd64			install
libacl1:amd64					install
libalgorithm-diff-perl				install
libalgorithm-diff-xs-perl			install
libalgorithm-merge-perl				install
libann0						install
libao-common					install
libao4:amd64					install
libapparmor1:amd64				install
libappindicator3-1				install
libappstream-glib8:amd64			install
libappstream4:amd64				install
libapt-inst2.0:amd64				install
libapt-pkg-perl					install
libapt-pkg5.0:amd64				install
libarchive-zip-perl				install
libarchive13:amd64				install
libargon2-0:amd64				install
libaribb24-0:amd64				install
libart-2.0-2:amd64				install
libasan4:amd64					install
libasn1-8-heimdal:amd64				install
libasn1-8-heimdal:i386				install
libasound2:amd64				install
libasound2:i386					install
libasound2-data					install
libasound2-plugins:amd64			install
libasound2-plugins:i386				install
libaspell15:amd64				install
libass9:amd64					install
libassuan0:amd64				install
libasyncns0:amd64				install
libasyncns0:i386				install
libatasmart4:amd64				install
libatk-adaptor:amd64				install
libatk-bridge2.0-0:amd64			install
libatk-wrapper-java				install
libatk-wrapper-java-jni:amd64			install
libatk1.0-0:amd64				install
libatk1.0-data					install
libatm1:amd64					install
libatomic1:amd64				install
libatomic1:i386					install
libatspi2.0-0:amd64				install
libattr1:amd64					install
libaudio2:amd64					install
libaudit-common					install
libaudit1:amd64					install
libauthen-sasl-perl				install
libavahi-client3:amd64				install
libavahi-client3:i386				install
libavahi-common-data:amd64			install
libavahi-common-data:i386			install
libavahi-common3:amd64				install
libavahi-common3:i386				install
libavahi-core7:amd64				install
libavahi-glib1:amd64				install
libavahi-ui-gtk3-0:amd64			install
libavc1394-0:amd64				install
libavcodec-extra				install
libavcodec-extra57:amd64			install
libavcodec-extra58:amd64			install
libavdevice57:amd64				install
libavdevice58:amd64				install
libavfilter6:amd64				install
libavfilter7:amd64				install
libavformat57:amd64				install
libavformat58:amd64				install
libavresample3:amd64				install
libavresample4:amd64				install
libavutil55:amd64				install
libavutil56:amd64				install
libbabeltrace1:amd64				install
libbasicusageenvironment1:amd64			install
libbdplus0:amd64				install
libbind9-160:amd64				install
libbinutils:amd64				install
libblkid1:amd64					install
libblkid1:i386					install
libblockdev-crypto2:amd64			install
libblockdev-fs2:amd64				install
libblockdev-loop2:amd64				install
libblockdev-part-err2:amd64			install
libblockdev-part2:amd64				install
libblockdev-swap2:amd64				install
libblockdev-utils2:amd64			install
libblockdev2:amd64				install
libbluetooth3:amd64				install
libbluray2:amd64				install
libboost-date-time1.65.1:amd64			install
libboost-filesystem1.65.1:amd64			install
libboost-iostreams1.65.1:amd64			install
libboost-locale1.65.1:amd64			install
libboost-system1.65.1:amd64			install
libboost-thread1.65.1:amd64			install
libbrlapi0.6:amd64				install
libbrotli1:amd64				install
libbs2b0:amd64					install
libbsd0:amd64					install
libbsd0:i386					install
libbz2-1.0:amd64				install
libc-bin					install
libc-dev-bin					install
libc6:amd64					install
libc6:i386					install
libc6-dbg:amd64					install
libc6-dev:amd64					install
libc6-i386					install
libcaca0:amd64					install
libcairo-gobject-perl				install
libcairo-gobject2:amd64				install
libcairo-perl					install
libcairo2:amd64					install
libcairo2:i386					install
libcamel-1.2-61:amd64				install
libcanberra-gtk3-0:amd64			install
libcanberra-gtk3-module:amd64			install
libcanberra-pulse:amd64				install
libcanberra0:amd64				install
libcap-ng0:amd64				install
libcap2:amd64					install
libcap2:i386					install
libcap2-bin					install
libcapi20-3:amd64				install
libcapi20-3:i386				install
libcc1-0:amd64					install
libcddb2					install
libcdio-cdda2:amd64				install
libcdio-paranoia2:amd64				install
libcdio17:amd64					install
libcdk5:amd64					install
libcdparanoia0:amd64				install
libcdparanoia0:i386				install
libcdr-0.1-1:amd64				install
libcdt5						install
libcgi-fast-perl				install
libcgi-pm-perl					install
libcgraph6					install
libcheese-gtk25:amd64				install
libcheese8:amd64				install
libchm1						install
libchromaprint1:amd64				install
libcilkrts5:amd64				install
libclass-accessor-perl				install
libclone-perl					install
libclucene-contribs1v5:amd64			install
libclucene-core1v5:amd64			install
libclutter-1.0-0:amd64				install
libclutter-1.0-common				install
libclutter-gst-3.0-0:amd64			install
libclutter-gtk-1.0-0:amd64			install
libcmis-0.5-5v5					install
libcodec2-0.7:amd64				install
libcogl-common					install
libcogl-pango20:amd64				install
libcogl-path20:amd64				install
libcogl20:amd64					install
libcolamd2:amd64				install
libcolord-gtk1:amd64				install
libcolord2:amd64				install
libcolorhug2:amd64				install
libcom-err2:amd64				install
libcom-err2:i386				install
libcommons-collections3-java			install
libcommons-math-java				install
libconfig9:amd64				install
libconfuse-common				install
libconfuse2:amd64				install
libcpufreq0					install
libcrack2:amd64					install
libcroco3:amd64					install
libcryptsetup12:amd64				install
libcryptui0a:amd64				install
libcrystalhd3:amd64				install
libcups2:amd64					install
libcups2:i386					install
libcupscgi1:amd64				install
libcupsfilters1:amd64				install
libcupsimage2:amd64				install
libcupsmime1:amd64				install
libcupsppdc1:amd64				install
libcurl3-gnutls:amd64				install
libcurl4:amd64					install
libdaemon0:amd64				install
libdata-dump-perl				install
libdatrie1:amd64				install
libdazzle-1.0-0:amd64				install
libdb5.3:amd64					install
libdb5.3:i386					install
libdbus-1-3:amd64				install
libdbus-1-3:i386				install
libdbus-glib-1-2:amd64				install
libdbusmenu-glib4:amd64				install
libdbusmenu-gtk3-4:amd64			install
libdbusmenu-gtk4:amd64				install
libdc1394-22:amd64				install
libdca0:amd64					install
libdconf1:amd64					install
libdebconfclient0:amd64				install
libdee-1.0-4:amd64				install
libdevmapper-event1.02.1:amd64			install
libdevmapper1.02.1:amd64			install
libdigest-hmac-perl				install
libdjvulibre-text				install
libdjvulibre21:amd64				install
libdmapsharing-3.0-2:amd64			install
libdns-export1100				install
libdns1100:amd64				install
libdotconf0:amd64				install
libdouble-conversion1:amd64			install
libdpkg-perl					install
libdrm-amdgpu1:amd64				install
libdrm-amdgpu1:i386				install
libdrm-common					install
libdrm-intel1:amd64				install
libdrm-intel1:i386				install
libdrm-nouveau2:amd64				install
libdrm-nouveau2:i386				install
libdrm-radeon1:amd64				install
libdrm-radeon1:i386				install
libdrm2:amd64					install
libdrm2:i386					install
libdv4:amd64					install
libdvbpsi10:amd64				install
libdvdnav4:amd64				install
libdvdread4:amd64				install
libdw1:amd64					install
libe-book-0.1-1:amd64				install
libebackend-1.2-10:amd64			install
libebml4v5:amd64				install
libebook-1.2-19:amd64				install
libebook-contacts-1.2-2:amd64			install
libecal-1.2-19:amd64				install
libedata-book-1.2-25:amd64			install
libedata-cal-1.2-28:amd64			install
libedataserver-1.2-23:amd64			install
libedataserverui-1.2-2:amd64			install
libedit2:amd64					install
libedit2:i386					install
libefiboot1:amd64				install
libefivar1:amd64				install
libegl-mesa0:amd64				install
libegl1:amd64					install
libegl1-mesa:amd64				install
libelf1:amd64					install
libelf1:i386					install
libemail-valid-perl				install
libenchant1c2a:amd64				install
libencode-locale-perl				install
libeot0:amd64					install
libepoxy0:amd64					install
libepubgen-0.1-1:amd64				install
liberror-perl					install
libespeak-ng1:amd64				install
libestr0:amd64					install
libetonyek-0.1-1:amd64				install
libevdev2:amd64					install
libevdocument3-4:amd64				install
libevent-2.1-6:amd64				install
libevview3-3:amd64				install
libexempi3:amd64				install
libexif12:amd64					install
libexif12:i386					install
libexiv2-14:amd64				install
libexpat1:amd64					install
libexpat1:i386					install
libexpat1-dev:amd64				install
libexporter-tiny-perl				install
libext2fs2:amd64				install
libexttextcat-2.0-0:amd64			install
libexttextcat-data				install
libfaad2:amd64					install
libfabric1					install
libfakeroot:amd64				install
libfastjson4:amd64				install
libfcgi-perl					install
libfdisk1:amd64					install
libfdk-aac1:amd64				install
libffi6:amd64					install
libffi6:i386					install
libfftw3-double3:amd64				install
libfftw3-single3:amd64				install
libfile-basedir-perl				install
libfile-copy-recursive-perl			install
libfile-desktopentry-perl			install
libfile-fcntllock-perl				install
libfile-listing-perl				install
libfile-mimeinfo-perl				install
libflac8:amd64					install
libflac8:i386					install
libflickcurl0:amd64				install
libflite1:amd64					install
libfont-afm-perl				install
libfontconfig1:amd64				install
libfontconfig1:i386				install
libfontembed1:amd64				install
libfontenc1:amd64				install
libfreehand-0.1-1				install
libfreehep-export-java				install
libfreehep-graphics2d-java			install
libfreehep-graphicsio-emf-java			install
libfreehep-graphicsio-java			install
libfreehep-graphicsio-pdf-java			install
libfreehep-graphicsio-svg-java			install
libfreehep-graphicsio-tests-java		install
libfreehep-io-java				install
libfreehep-swing-java				install
libfreehep-util-java				install
libfreehep-xml-java				install
libfreerdp-client2-2:amd64			install
libfreerdp2-2:amd64				install
libfreetype6:amd64				install
libfreetype6:i386				install
libfribidi0:amd64				install
libfuse2:amd64					install
libfwup1:amd64					install
libfwupd2:amd64					install
libgail-3-0:amd64				install
libgail-common:amd64				install
libgail18:amd64					install
libgbm1:amd64					install
libgc1c2:amd64					install
libgcab-1.0-0:amd64				install
libgcc-7-dev:amd64				install
libgcc1:amd64					install
libgcc1:i386					install
libgck-1-0:amd64				install
libgcr-base-3-1:amd64				install
libgcr-ui-3-1:amd64				install
libgcrypt20:amd64				install
libgcrypt20:i386				install
libgd3:amd64					install
libgd3:i386					install
libgdata-common					install
libgdata22:amd64				install
libgdbm-compat4:amd64				install
libgdbm5:amd64					install
libgdk-pixbuf2.0-0:amd64			install
libgdk-pixbuf2.0-bin				install
libgdk-pixbuf2.0-common				install
libgdm1						install
libgee-0.8-2:amd64				install
libgeoclue-2-0:amd64				install
libgeocode-glib0:amd64				install
libgeoip1:amd64					install
libgexiv2-2:amd64				install
libgif7:amd64					install
libgirepository-1.0-1:amd64			install
libgjs0g					install
libgl1:amd64					install
libgl1:i386					install
libgl1-mesa-dri:amd64				install
libgl1-mesa-dri:i386				install
libgl1-mesa-glx:amd64				install
libgl1-mesa-glx:i386				install
libglapi-mesa:amd64				install
libglapi-mesa:i386				install
libgles2:amd64					install
libglib-object-introspection-perl		install
libglib-perl					install
libglib2.0-0:amd64				install
libglib2.0-0:i386				install
libglib2.0-bin					install
libglib2.0-data					install
libglu1-mesa:amd64				install
libglu1-mesa:i386				install
libglvnd0:amd64					install
libglvnd0:i386					install
libglx-mesa0:amd64				install
libglx-mesa0:i386				install
libglx0:amd64					install
libglx0:i386					install
libgme0:amd64					install
libgmime-3.0-0:amd64				install
libgmp10:amd64					install
libgmp10:i386					install
libgnome-autoar-0-0:amd64			install
libgnome-bluetooth13:amd64			install
libgnome-desktop-3-17:amd64			install
libgnome-games-support-1-3:amd64		install
libgnome-games-support-common			install
libgnome-menu-3-0:amd64				install
libgnome-todo					install
libgnomekbd-common				install
libgnomekbd8:amd64				install
libgnutls30:amd64				install
libgnutls30:i386				install
libgoa-1.0-0b:amd64				install
libgoa-1.0-common				install
libgoa-backend-1.0-1:amd64			install
libgom-1.0-0:amd64				install
libgomp1:amd64					install
libgpg-error0:amd64				install
libgpg-error0:i386				install
libgpgme11:amd64				install
libgpgmepp6:amd64				install
libgphoto2-6:amd64				install
libgphoto2-6:i386				install
libgphoto2-l10n					install
libgphoto2-port12:amd64				install
libgphoto2-port12:i386				install
libgpm2:amd64					install
libgpm2:i386					install
libgpod-common					install
libgpod4:amd64					install
libgraphene-1.0-0:amd64				install
libgraphicsmagick-q16-3				install
libgraphite2-3:amd64				install
libgrilo-0.3-0:amd64				install
libgroupsock8:amd64				install
libgs9:amd64					install
libgs9-common					install
libgsm1:amd64					install
libgsm1:i386					install
libgsoap-2.8.60:amd64				install
libgspell-1-1:amd64				install
libgspell-1-common				install
libgssapi-krb5-2:amd64				install
libgssapi-krb5-2:i386				install
libgssapi3-heimdal:amd64			install
libgssapi3-heimdal:i386				install
libgstreamer-gl1.0-0:amd64			install
libgstreamer-plugins-bad1.0-0:amd64		install
libgstreamer-plugins-base1.0-0:amd64		install
libgstreamer-plugins-base1.0-0:i386		install
libgstreamer-plugins-good1.0-0:amd64		install
libgstreamer1.0-0:amd64				install
libgstreamer1.0-0:i386				install
libgtk-3-0:amd64				install
libgtk-3-bin					install
libgtk-3-common					install
libgtk2.0-0:amd64				install
libgtk2.0-bin					install
libgtk2.0-common				install
libgtk3-perl					install
libgtksourceview-3.0-1:amd64			install
libgtksourceview-3.0-common			install
libgtop-2.0-11:amd64				install
libgtop2-common					install
libgts-0.7-5:amd64				install
libgts-bin					install
libgudev-1.0-0:amd64				install
libgusb2:amd64					install
libgutenprint2					install
libgvc6						install
libgvpr2					install
libgweather-3-15:amd64				install
libgweather-common				install
libgxps2:amd64					install
libhamcrest-java				install
libharfbuzz-icu0:amd64				install
libharfbuzz0b:amd64				install
libhcrypto4-heimdal:amd64			install
libhcrypto4-heimdal:i386			install
libheimbase1-heimdal:amd64			install
libheimbase1-heimdal:i386			install
libheimntlm0-heimdal:amd64			install
libheimntlm0-heimdal:i386			install
libhogweed4:amd64				install
libhogweed4:i386				install
libhpmud0:amd64					install
libhtml-form-perl				install
libhtml-format-perl				install
libhtml-parser-perl				install
libhtml-tagset-perl				install
libhtml-tree-perl				install
libhttp-cookies-perl				install
libhttp-daemon-perl				install
libhttp-date-perl				install
libhttp-message-perl				install
libhttp-negotiate-perl				install
libhunspell-1.6-0:amd64				install
libhwloc-dev:amd64				install
libhwloc-plugins				install
libhwloc5:amd64					install
libhx509-5-heimdal:amd64			install
libhx509-5-heimdal:i386				install
libhyphen0:amd64				install
libibus-1.0-5:amd64				install
libibverbs-dev:amd64				install
libibverbs1:amd64				install
libical3:amd64					install
libice-dev:amd64				install
libice6:amd64					install
libicu60:amd64					install
libicu60:i386					install
libidn11:amd64					install
libidn2-0:amd64					install
libidn2-0:i386					install
libiec61883-0:amd64				install
libieee1284-3:amd64				install
libieee1284-3:i386				install
libijs-0.35:amd64				install
libilmbase12:amd64				install
libimobiledevice6:amd64				install
libindicator3-7					install
libinput-bin					install
libinput10:amd64				install
libio-html-perl					install
libio-pty-perl					install
libio-socket-inet6-perl				install
libio-socket-ssl-perl				install
libio-string-perl				install
libip4tc0:amd64					install
libip6tc0:amd64					install
libipc-run-perl					install
libipc-system-simple-perl			install
libiptc0:amd64					install
libirrlicht1.8:amd64				install
libirs160:amd64					install
libisc-export169:amd64				install
libisc169:amd64					install
libisccc160:amd64				install
libisccfg160:amd64				install
libisds5:amd64					install
libisl19:amd64					install
libitm1:amd64					install
libiw30:amd64					install
libjack-jackd2-0:amd64				install
libjack-jackd2-0:i386				install
libjansson4:amd64				install
libjas-java					install
libjas-plotter-java				install
libjavascriptcoregtk-4.0-18:amd64		install
libjaxen-java					install
libjbig0:amd64					install
libjbig0:i386					install
libjbig2dec0:amd64				install
libjcommon-java					install
libjdom1-java					install
libjfreechart-java				install
libjfugue-java					install
libjlatexmath-java				install
libjpeg-turbo8:amd64				install
libjpeg-turbo8:i386				install
libjpeg8:amd64					install
libjpeg8:i386					install
libjs-coffeescript				install
libjs-jquery					install
libjs-mathjax					install
libjs-sphinxdoc					install
libjs-underscore				install
libjson-c3:amd64				install
libjson-glib-1.0-0:amd64			install
libjson-glib-1.0-common				install
libjsoncpp1:amd64				install
libk5crypto3:amd64				install
libk5crypto3:i386				install
libkate1:amd64					install
libkeybinder-3.0-0:amd64			install
libkeyutils1:amd64				install
libkeyutils1:i386				install
libklibc					install
libkmod2:amd64					install
libkpathsea6:amd64				install
libkrb5-26-heimdal:amd64			install
libkrb5-26-heimdal:i386				install
libkrb5-3:amd64					install
libkrb5-3:i386					install
libkrb5support0:amd64				install
libkrb5support0:i386				install
libksba8:amd64					install
liblab-gamut1					install
liblangtag-common				install
liblangtag1:amd64				install
liblcms2-2:amd64				install
liblcms2-2:i386					install
liblcms2-utils					install
libldac:amd64					install
libldap-2.4-2:amd64				install
libldap-2.4-2:i386				install
libldap-common					install
libldb1:amd64					install
liblensfun-data-v1				install
liblensfun1:amd64				install
libleveldb1v5:amd64				install
liblilv-0-0					install
liblirc-client0:amd64				install
liblist-moreutils-perl				install
liblivemedia62:amd64				install
libllvm6.0:amd64				install
libllvm9:amd64					install
libllvm9:i386					install
liblocale-gettext-perl				install
liblog4j1.2-java				install
liblouis-data					install
liblouis14:amd64				install
liblouisutdml-bin				install
liblouisutdml-data				install
liblouisutdml8:amd64				install
liblqr-1-0:amd64				install
liblsan0:amd64					install
libltdl-dev:amd64				install
libltdl7:amd64					install
libltdl7:i386					install
liblua5.2-0:amd64				install
liblua5.3-0:amd64				install
libluajit-5.1-2:amd64				install
libluajit-5.1-common				install
liblvm2app2.2:amd64				install
liblvm2cmd2.02:amd64				install
liblwp-mediatypes-perl				install
liblwp-protocol-https-perl			install
liblwres160:amd64				install
liblz4-1:amd64					install
liblz4-1:i386					install
liblzma5:amd64					install
liblzma5:i386					install
liblzo2-2:amd64					install
libmad0:amd64					install
libmagic-mgc					install
libmagic1:amd64					install
libmagickcore-6.q16-3:amd64			install
libmagickcore-6.q16-3-extra:amd64		install
libmagickwand-6.q16-3:amd64			install
libmailtools-perl				install
libmatroska6v5:amd64				install
libmbim-glib4:amd64				install
libmbim-proxy					install
libmediaart-2.0-0:amd64				install
libmessaging-menu0:amd64			install
libmhash2:amd64					install
libmicrodns0:amd64				install
libminiupnpc10:amd64				install
libmm-glib0:amd64				install
libmnl0:amd64					install
libmount1:amd64					install
libmount1:i386					install
libmozjs-52-0:amd64				install
libmp3lame0:amd64				install
libmpc3:amd64					install
libmpcdec6:amd64				install
libmpdec2:amd64					install
libmpeg2-4:amd64				install
libmpfr6:amd64					install
libmpg123-0:amd64				install
libmpg123-0:i386				install
libmpx2:amd64					install
libmspack0:amd64				install
libmspub-0.1-1:amd64				install
libmtdev1:amd64					install
libmtp-common					install
libmtp-runtime					install
libmtp9:amd64					install
libmutter-2-0:amd64				install
libmwaw-0.3-3:amd64				install
libmysofa0:amd64				install
libmythes-1.2-0:amd64				install
libnatpmp1					install
libnautilus-extension1a:amd64			install
libnb-org-openide-util-java			install
libnb-org-openide-util-lookup-java		install
libncurses5:amd64				install
libncurses5:i386				install
libncursesw5:amd64				install
libndp0:amd64					install
libneon27-gnutls:amd64				install
libnet-dbus-perl				install
libnet-dns-perl					install
libnet-domain-tld-perl				install
libnet-http-perl				install
libnet-ip-perl					install
libnet-libidn-perl				install
libnet-smtp-ssl-perl				install
libnet-ssleay-perl				install
libnetfilter-conntrack3:amd64			install
libnetpbm10					install
libnetplan0:amd64				install
libnettle6:amd64				install
libnettle6:i386					install
libnewt0.52:amd64				install
libnfnetlink0:amd64				install
libnfs11:amd64					install
libnghttp2-14:amd64				install
libnih1:amd64					install
libnl-3-200:amd64				install
libnl-genl-3-200:amd64				install
libnl-route-3-200:amd64				install
libnm0:amd64					install
libnma0:amd64					install
libnorm1:amd64					install
libnotify-bin					install
libnotify4:amd64				install
libnpth0:amd64					install
libnspr4:amd64					install
libnss-mdns:amd64				install
libnss-myhostname:amd64				install
libnss-systemd:amd64				install
libnss3:amd64					install
libntfs-3g88					install
libnuma-dev:amd64				install
libnuma1:amd64					install
libnvidia-cfg1-440:amd64			install
libnvidia-common-440				install
libnvidia-compute-440:amd64			install
libnvidia-compute-440:i386			install
libnvidia-decode-440:amd64			install
libnvidia-decode-440:i386			install
libnvidia-encode-440:amd64			install
libnvidia-encode-440:i386			install
libnvidia-extra-440:amd64			install
libnvidia-fbc1-440:amd64			install
libnvidia-fbc1-440:i386				install
libnvidia-gl-440:amd64				install
libnvidia-gl-440:i386				install
libnvidia-ifr1-440:amd64			install
libnvidia-ifr1-440:i386				install
liboauth0:amd64					install
libodbc1:amd64					install
libodbc1:i386					install
libodfgen-0.1-1:amd64				install
libogg0:amd64					install
libogg0:i386					install
libopenal-data					install
libopenal1:amd64				install
libopenal1:i386					install
libopencore-amrnb0:amd64			install
libopencore-amrwb0:amd64			install
libopencv-core3.2:amd64				install
libopencv-imgproc3.2:amd64			install
libopenexr22:amd64				install
libopenjp2-7:amd64				install
libopenmpi-dev					install
libopenmpi2:amd64				install
libopenmpt-modplug1:amd64			install
libopenmpt0:amd64				install
libopus0:amd64					install
libopus0:i386					install
liborc-0.4-0:amd64				install
liborc-0.4-0:i386				install
liborcus-0.13-0:amd64				install
libosmesa6:amd64				install
libosmesa6:i386					install
libosmgpsmap-1.0-1:amd64			install
libp11-kit0:amd64				install
libp11-kit0:i386				install
libpackagekit-glib2-18:amd64			install
libpagemaker-0.0-0:amd64			install
libpam-cap:amd64				install
libpam-gnome-keyring:amd64			install
libpam-modules:amd64				install
libpam-modules-bin				install
libpam-runtime					install
libpam-systemd:amd64				install
libpam0g:amd64					install
libpango-1.0-0:amd64				install
libpango1.0-0:amd64				install
libpangocairo-1.0-0:amd64			install
libpangoft2-1.0-0:amd64				install
libpangox-1.0-0:amd64				install
libpangoxft-1.0-0:amd64				install
libpaper-utils					install
libpaper1:amd64					install
libparse-debianchangelog-perl			install
libparted-fs-resize0:amd64			install
libparted2:amd64				install
libpathplan4					install
libpcap0.8:amd64				install
libpcap0.8:i386					install
libpcaudio0					install
libpci3:amd64					install
libpciaccess0:amd64				install
libpciaccess0:i386				install
libpcre3:amd64					install
libpcre3:i386					install
libpcsclite1:amd64				install
libpeas-1.0-0:amd64				install
libpeas-common					install
libperl5.26:amd64				install
libperlio-gzip-perl				install
libpgm-5.2-0:amd64				install
libphonenumber7:amd64				install
libpipeline1:amd64				install
libpixman-1-0:amd64				install
libpixman-1-0:i386				install
libplacebo4:amd64				install
libplist3:amd64					install
libplymouth4:amd64				install
libpng16-16:amd64				install
libpng16-16:i386				install
libpodofo0.9.5					install
libpolkit-agent-1-0:amd64			install
libpolkit-backend-1-0:amd64			install
libpolkit-gobject-1-0:amd64			install
libpoppler-glib8:amd64				install
libpoppler73:amd64				install
libpopt0:amd64					install
libpostproc54:amd64				install
libpostproc55:amd64				install
libpotrace0					install
libpq-dev					install
libpq5:amd64					install
libprocps6:amd64				install
libprotobuf-lite10:amd64			install
libprotobuf10:amd64				install
libproxy-tools					install
libproxy1-plugin-gsettings:amd64		install
libproxy1-plugin-networkmanager:amd64		install
libproxy1v5:amd64				install
libpsl5:amd64					install
libpsm-infinipath1				install
libptexenc1:amd64				install
libpthread-stubs0-dev:amd64			install
libpugixml1v5:amd64				install
libpulse-mainloop-glib0:amd64			install
libpulse0:amd64					install
libpulse0:i386					install
libpulsedsp:amd64				install
libpwquality-common				install
libpwquality1:amd64				install
libpython-all-dev:amd64				install
libpython-dev:amd64				install
libpython-stdlib:amd64				install
libpython2.7:amd64				install
libpython2.7-dev:amd64				install
libpython2.7-minimal:amd64			install
libpython2.7-stdlib:amd64			install
libpython3-dev:amd64				install
libpython3-stdlib:amd64				install
libpython3.6:amd64				install
libpython3.6-dev:amd64				install
libpython3.6-minimal:amd64			install
libpython3.6-stdlib:amd64			install
libqmi-glib5:amd64				install
libqmi-proxy					install
libqpdf21:amd64					install
libqqwing2v5:amd64				install
libqscintilla2-qt5-13				install
libqscintilla2-qt5-l10n				install
libqt5core5a:amd64				install
libqt5dbus5:amd64				install
libqt5designer5:amd64				install
libqt5gui5:amd64				install
libqt5help5:amd64				install
libqt5network5:amd64				install
libqt5opengl5:amd64				install
libqt5positioning5:amd64			install
libqt5printsupport5:amd64			install
libqt5qml5:amd64				install
libqt5quick5:amd64				install
libqt5sensors5:amd64				install
libqt5sql5:amd64				install
libqt5sql5-sqlite:amd64				install
libqt5svg5:amd64				install
libqt5test5:amd64				install
libqt5webchannel5:amd64				install
libqt5webkit5:amd64				install
libqt5widgets5:amd64				install
libqt5x11extras5:amd64				install
libqt5xml5:amd64				install
libquadmath0:amd64				install
libraptor2-0:amd64				install
librasqal3:amd64				install
libraw1394-11:amd64				install
libraw16:amd64					install
librdf0:amd64					install
librdmacm1:amd64				install
libreadline5:amd64				install
libreadline7:amd64				install
librecode0:amd64				install
libreoffice-avmedia-backend-gstreamer		install
libreoffice-base-core				install
libreoffice-calc				install
libreoffice-common				install
libreoffice-core				install
libreoffice-draw				install
libreoffice-gnome				install
libreoffice-gtk3				install
libreoffice-help-en-us				install
libreoffice-impress				install
libreoffice-math				install
libreoffice-ogltrans				install
libreoffice-pdfimport				install
libreoffice-style-breeze			install
libreoffice-style-galaxy			install
libreoffice-style-tango				install
libreoffice-writer				install
libresid-builder0c2a				install
librest-0.7-0:amd64				install
librevenge-0.0-0:amd64				install
librhash0:amd64					install
librhino-java					install
librhythmbox-core10:amd64			install
libroken18-heimdal:amd64			install
libroken18-heimdal:i386				install
librsvg2-2:amd64				install
librsvg2-common:amd64				install
librsync1:amd64					install
librtmp1:amd64					install
librubberband2:amd64				install
libruby2.5:amd64				install
libsamplerate0:amd64				install
libsamplerate0:i386				install
libsane-common					install
libsane-hpaio:amd64				install
libsane1:amd64					install
libsane1:i386					install
libsasl2-2:amd64				install
libsasl2-2:i386					install
libsasl2-modules:amd64				install
libsasl2-modules:i386				install
libsasl2-modules-db:amd64			install
libsasl2-modules-db:i386			install
libsbc1:amd64					install
libsdl-image1.2:amd64				install
libsdl1.2debian:amd64				install
libsdl2-2.0-0:amd64				install
libseccomp2:amd64				install
libsecret-1-0:amd64				install
libsecret-common				install
libselinux1:amd64				install
libselinux1:i386				install
libsemanage-common				install
libsemanage1:amd64				install
libsensors4:amd64				install
libsensors4:i386				install
libsepol1:amd64					install
libserd-0-0:amd64				install
libsgutils2-2					install
libshine3:amd64					install
libshout3:amd64					install
libsidplay1v5:amd64				install
libsidplay2					install
libslang2:amd64					install
libsm-dev:amd64					install
libsm6:amd64					install
libsmartcols1:amd64				install
libsmbclient:amd64				install
libsmbios-c2					install
libsnapd-glib1:amd64				install
libsnappy1v5:amd64				install
libsndfile1:amd64				install
libsndfile1:i386				install
libsndio6.1:amd64				install
libsndio6.1:i386				install
libsnmp-base					install
libsnmp30:amd64					install
libsocket6-perl					install
libsodium23:amd64				install
libsonic0:amd64					install
libsord-0-0:amd64				install
libsoup-gnome2.4-1:amd64			install
libsoup2.4-1:amd64				install
libsoxr0:amd64					install
libspectre1:amd64				install
libspeechd2:amd64				install
libspeex1:amd64					install
libspeexdsp1:amd64				install
libspeexdsp1:i386				install
libsqlite3-0:amd64				install
libsqlite3-0:i386				install
libsratom-0-0:amd64				install
libss2:amd64					install
libssh-4:amd64					install
libssh-gcrypt-4:amd64				install
libssh2-1:amd64					install
libssl1.0.0:amd64				install
libssl1.1:amd64					install
libssl1.1:i386					install
libstartup-notification0:amd64			install
libstdc++-7-dev:amd64				install
libstdc++6:amd64				install
libstdc++6:i386					install
libstemmer0d:amd64				install
libsub-name-perl				install
libsuitesparseconfig5:amd64			install
libswresample2:amd64				install
libswresample3:amd64				install
libswscale4:amd64				install
libswscale5:amd64				install
libsynctex1:amd64				install
libsysmetrics1:amd64				install
libsystemd0:amd64				install
libsystemd0:i386				install
libtablelayout-java				install
libtag1v5:amd64					install
libtag1v5-vanilla:amd64				install
libtalloc2:amd64				install
libtasn1-6:amd64				install
libtasn1-6:i386					install
libtbb2:amd64					install
libtcl8.6:amd64					install
libtdb1:amd64					install
libteamdctl0:amd64				install
libtevent0:amd64				install
libtexlua52:amd64				install
libtexluajit2:amd64				install
libtext-charwidth-perl				install
libtext-iconv-perl				install
libtext-levenshtein-perl			install
libtext-wrapi18n-perl				install
libthai-data					install
libthai0:amd64					install
libtheora0:amd64				install
libtheora0:i386					install
libtidy5					install
libtie-ixhash-perl				install
libtiff5:amd64					install
libtiff5:i386					install
libtimedate-perl				install
libtinfo5:amd64					install
libtinfo5:i386					install
libtk8.6:amd64					install
libtool						install
libtotem-plparser-common			install
libtotem-plparser18:amd64			install
libtotem0:amd64					install
libtracker-sparql-2.0-0:amd64			install
libtry-tiny-perl				install
libtsan0:amd64					install
libtwolame0:amd64				install
libu2f-udev					install
libubsan0:amd64					install
libuchardet0:amd64				install
libudev1:amd64					install
libudev1:i386					install
libudisks2-0:amd64				install
libunistring2:amd64				install
libunistring2:i386				install
libunity-protocol-private0:amd64		install
libunity-scopes-json-def-desktop		install
libunity9:amd64					install
libunwind8:amd64				install
libupnp6:amd64					install
libupower-glib3:amd64				install
liburi-perl					install
libusageenvironment3:amd64			install
libusb-1.0-0:amd64				install
libusb-1.0-0:i386				install
libusbmuxd4:amd64				install
libutempter0:amd64				install
libuuid1:amd64					install
libuuid1:i386					install
libuv1:amd64					install
libv4l-0:amd64					install
libv4l-0:i386					install
libv4l2rds0:amd64				install
libv4lconvert0:amd64				install
libv4lconvert0:i386				install
libva-drm2:amd64				install
libva-wayland2:amd64				install
libva-x11-2:amd64				install
libva2:amd64					install
libvdpau1:amd64					install
libvisio-0.1-1:amd64				install
libvisual-0.4-0:amd64				install
libvisual-0.4-0:i386				install
libvlc-bin:amd64				install
libvlc5:amd64					install
libvlccore9:amd64				install
libvncclient1:amd64				install
libvncserver1:amd64				install
libvo-amrwbenc0:amd64				install
libvolume-key1					install
libvorbis0a:amd64				install
libvorbis0a:i386				install
libvorbisenc2:amd64				install
libvorbisenc2:i386				install
libvorbisfile3:amd64				install
libvpx5:amd64					install
libvte-2.91-0:amd64				install
libvte-2.91-common				install
libvulkan1:amd64				install
libwacom-bin					install
libwacom-common					install
libwacom2:amd64					install
libwavpack1:amd64				install
libwayland-client0:amd64			install
libwayland-cursor0:amd64			install
libwayland-egl1:amd64				install
libwayland-server0:amd64			install
libwbclient0:amd64				install
libwebkit2gtk-4.0-37:amd64			install
libwebp6:amd64					install
libwebp6:i386					install
libwebpdemux2:amd64				install
libwebpmux3:amd64				install
libwebrtc-audio-processing1:amd64		install
libwhoopsie-preferences0			install
libwhoopsie0:amd64				install
libwind0-heimdal:amd64				install
libwind0-heimdal:i386				install
libwine:amd64					install
libwine:i386					install
libwine-development:amd64			install
libwinpr2-2:amd64				install
libwmf0.2-7:amd64				install
libwmf0.2-7-gtk					install
libwnck-3-0:amd64				install
libwnck-3-common				install
libwoff1:amd64					install
libwpd-0.10-10:amd64				install
libwpg-0.3-3:amd64				install
libwps-0.4-4:amd64				install
libwrap0:amd64					install
libwrap0:i386					install
libwww-perl					install
libwww-robotrules-perl				install
libx11-6:amd64					install
libx11-6:i386					install
libx11-data					install
libx11-dev:amd64				install
libx11-doc					install
libx11-protocol-perl				install
libx11-xcb1:amd64				install
libx11-xcb1:i386				install
libx264-152:amd64				install
libx265-146:amd64				install
libx265-160:amd64				install
libx86-1:amd64					install
libxapian30:amd64				install
libxatracker2:amd64				install
libxau-dev:amd64				install
libxau6:amd64					install
libxau6:i386					install
libxaw7:amd64					install
libxcb-dri2-0:amd64				install
libxcb-dri2-0:i386				install
libxcb-dri3-0:amd64				install
libxcb-dri3-0:i386				install
libxcb-glx0:amd64				install
libxcb-glx0:i386				install
libxcb-icccm4:amd64				install
libxcb-image0:amd64				install
libxcb-keysyms1:amd64				install
libxcb-present0:amd64				install
libxcb-present0:i386				install
libxcb-randr0:amd64				install
libxcb-render-util0:amd64			install
libxcb-render0:amd64				install
libxcb-render0:i386				install
libxcb-res0:amd64				install
libxcb-shape0:amd64				install
libxcb-shm0:amd64				install
libxcb-shm0:i386				install
libxcb-sync1:amd64				install
libxcb-sync1:i386				install
libxcb-util1:amd64				install
libxcb-xfixes0:amd64				install
libxcb-xinerama0:amd64				install
libxcb-xkb1:amd64				install
libxcb-xv0:amd64				install
libxcb1:amd64					install
libxcb1:i386					install
libxcb1-dev:amd64				install
libxcomposite1:amd64				install
libxcomposite1:i386				install
libxcursor1:amd64				install
libxcursor1:i386				install
libxdamage1:amd64				install
libxdamage1:i386				install
libxdmcp-dev:amd64				install
libxdmcp6:amd64					install
libxdmcp6:i386					install
libxerces2-java					install
libxext6:amd64					install
libxext6:i386					install
libxfixes3:amd64				install
libxfixes3:i386					install
libxfont2:amd64					install
libxft2:amd64					install
libxi6:amd64					install
libxi6:i386					install
libxinerama1:amd64				install
libxinerama1:i386				install
libxkbcommon-x11-0:amd64			install
libxkbcommon0:amd64				install
libxkbfile1:amd64				install
libxklavier16:amd64				install
libxml-commons-external-java			install
libxml-commons-resolver1.1-java			install
libxml-libxml-perl				install
libxml-namespacesupport-perl			install
libxml-parser-perl				install
libxml-sax-base-perl				install
libxml-sax-expat-perl				install
libxml-sax-perl					install
libxml-simple-perl				install
libxml-twig-perl				install
libxml-xpathengine-perl				install
libxml2:amd64					install
libxml2:i386					install
libxmlb1:amd64					install
libxmlsec1:amd64				install
libxmlsec1-nss:amd64				install
libxmu6:amd64					install
libxmuu1:amd64					install
libxnvctrl0:amd64				install
libxom-java					install
libxpm4:amd64					install
libxpm4:i386					install
libxrandr2:amd64				install
libxrandr2:i386					install
libxrender1:amd64				install
libxrender1:i386				install
libxres1:amd64					install
libxshmfence1:amd64				install
libxshmfence1:i386				install
libxslt1.1:amd64				install
libxslt1.1:i386					install
libxss1:amd64					install
libxss1:i386					install
libxt-dev:amd64					install
libxt6:amd64					install
libxtables12:amd64				install
libxtst6:amd64					install
libxv1:amd64					install
libxvidcore4:amd64				install
libxvmc1:amd64					install
libxxf86dga1:amd64				install
libxxf86vm1:amd64				install
libxxf86vm1:i386				install
libyajl2:amd64					install
libyaml-0-2:amd64				install
libyaml-libyaml-perl				install
libyelp0:amd64					install
libzeitgeist-2.0-0:amd64			install
libzmq5:amd64					install
libzstd1:amd64					install
libzvbi-common					install
libzvbi0:amd64					install
libzzip-0-13:amd64				install
light-themes					install
lintian						install
linux-base					install
linux-firmware					install
linux-generic-hwe-18.04				install
linux-headers-5.3.0-53				install
linux-headers-5.3.0-53-generic			install
linux-headers-5.3.0-59				install
linux-headers-5.3.0-59-generic			install
linux-headers-generic-hwe-18.04			install
linux-hwe-tools-5.3.0-51			install
linux-image-5.3.0-28-generic			deinstall
linux-image-5.3.0-42-generic			deinstall
linux-image-5.3.0-45-generic			deinstall
linux-image-5.3.0-46-generic			deinstall
linux-image-5.3.0-51-generic			deinstall
linux-image-5.3.0-53-generic			install
linux-image-5.3.0-59-generic			install
linux-image-generic-hwe-18.04			install
linux-libc-dev:amd64				install
linux-modules-5.3.0-28-generic			deinstall
linux-modules-5.3.0-42-generic			deinstall
linux-modules-5.3.0-45-generic			deinstall
linux-modules-5.3.0-46-generic			deinstall
linux-modules-5.3.0-51-generic			deinstall
linux-modules-5.3.0-53-generic			install
linux-modules-5.3.0-59-generic			install
linux-modules-extra-5.3.0-28-generic		deinstall
linux-modules-extra-5.3.0-42-generic		deinstall
linux-modules-extra-5.3.0-45-generic		deinstall
linux-modules-extra-5.3.0-46-generic		deinstall
linux-modules-extra-5.3.0-51-generic		deinstall
linux-modules-extra-5.3.0-53-generic		install
linux-modules-extra-5.3.0-59-generic		install
linux-signed-generic-hwe-18.04			install
linux-sound-base				install
linux-tools-5.3.0-51-generic			install
linux-tools-common				install
lm-sensors					install
lmodern						install
locales						install
login						install
logrotate					install
lolcat						install
lp-solve					install
lsb-base					install
lsb-release					install
lshw						install
lsof						install
ltrace						install
lugaru						install
lugaru-data					install
lutris						install
lvm2						install
make						install
man-db						install
manpages					install
manpages-dev					install
mathpiper					install
mawk						install
media-player-info				install
memtest86+					install
mesa-utils					install
mesa-va-drivers:amd64				install
mesa-vdpau-drivers:amd64			install
mesa-vulkan-drivers:amd64			install
mime-support					install
minetest					install
minetest-data					install
mlocate						install
mobile-broadband-provider-info			install
modemmanager					install
mokutil						install
mount						install
mousetweaks					install
mpv						install
mscompress					install
msr-tools					install
mtools						install
mtr-tiny					install
multiarch-support				install
mutter						install
mutter-common					install
mythes-en-us					install
nano						install
nautilus					install
nautilus-data					install
nautilus-extension-gnome-terminal		install
nautilus-sendto					install
nautilus-share					install
ncurses-base					install
ncurses-bin					install
netbase						install
netcat-openbsd					install
netpbm						install
netplan.io					install
network-manager					install
network-manager-config-connectivity-ubuntu	install
network-manager-gnome				install
network-manager-pptp				install
network-manager-pptp-gnome			install
networkd-dispatcher				install
notification-daemon				install
nplan						install
ntfs-3g						install
nvidia-compute-utils-440			install
nvidia-dkms-440					install
nvidia-driver-440				install
nvidia-kernel-common-440			install
nvidia-kernel-source-440			install
nvidia-prime					install
nvidia-settings					install
nvidia-utils-440				install
ocl-icd-libopencl1:amd64			install
ocl-icd-libopencl1:i386				install
openjdk-11-jdk:amd64				install
openjdk-11-jdk-headless:amd64			install
openjdk-11-jre:amd64				install
openjdk-11-jre-headless:amd64			install
openmpi-bin					install
openmpi-common					install
openprinting-ppds				install
openssh-client					install
openssl						install
orca						install
os-prober					install
p11-kit						install
p11-kit-modules:amd64				install
p7zip						install
packagekit					install
packagekit-tools				install
parted						install
passwd						install
patch						install
patchutils					install
pciutils					install
pcmciautils					install
perl						install
perl-base					install
perl-modules-5.26				install
perl-openssl-defaults:amd64			install
pgdg-keyring					install
phantomjs					install
pinentry-curses					install
pinentry-gnome3					install
pkg-config					install
plymouth					install
plymouth-label					install
plymouth-theme-ubuntu-logo			install
plymouth-theme-ubuntu-text			install
pm-utils					install
policykit-1					install
policykit-desktop-privileges			install
poppler-data					install
poppler-utils					install
popularity-contest				install
postgresql					install
postgresql-12					install
postgresql-client-12				install
postgresql-client-common			install
postgresql-common				install
postgresql-contrib				install
powermgmt-base					install
powertop					install
ppp						install
pppconfig					install
pppoeconf					install
pptp-linux					install
preview-latex-style				install
printer-driver-brlaser				install
printer-driver-c2esp				install
printer-driver-foo2zjs				install
printer-driver-foo2zjs-common			install
printer-driver-gutenprint			install
printer-driver-hpcups				install
printer-driver-m2300w				install
printer-driver-min12xxw				install
printer-driver-pnm2ppa				install
printer-driver-postscript-hp			install
printer-driver-ptouch				install
printer-driver-pxljr				install
printer-driver-sag-gdi				install
printer-driver-splix				install
procps						install
psmisc						install
publicsuffix					install
pulseaudio					install
pulseaudio-modules-bt				install
pulseaudio-utils				install
python						install
python-all					install
python-all-dev					install
python-apsw					install
python-apt-common				install
python-asn1crypto				install
python-bs4					install
python-cffi-backend				install
python-chardet					install
python-cherrypy3				install
python-crypto					install
python-cryptography				install
python-cssselect				install
python-cssutils					install
python-dateutil					install
python-dbus					install
python-dev					install
python-dnspython				install
python-enum34					install
python-fasteners				install
python-feedparser				install
python-gi					install
python-html5-parser				install
python-html5lib					install
python-idna					install
python-ipaddress				install
python-keyring					install
python-keyrings.alt				install
python-libxml2					install
python-lockfile					install
python-lxml:amd64				install
python-markdown					install
python-mechanize				install
python-minimal					install
python-monotonic				install
python-msgpack					install
python-netifaces				install
python-olefile					install
python-openssl					install
python-pil:amd64				install
python-pip					install
python-pip-whl					install
python-pkg-resources				install
python-pygments					install
python-pyparsing				install
python-pyqt5					install
python-pyqt5.qtsvg				install
python-pyqt5.qtwebkit				install
python-regex					install
python-repoze.lru				install
python-routes					install
python-secretstorage				install
python-setuptools				install
python-simplejson				install
python-sip					install
python-six					install
python-talloc					install
python-utidylib					install
python-webencodings				install
python-webob					install
python-wheel					install
python-xdg					install
python-yaml					install
python2.7					install
python2.7-dev					install
python2.7-minimal				install
python3						install
python3-apport					install
python3-apt					install
python3-aptdaemon				install
python3-aptdaemon.gtk3widgets			install
python3-asn1crypto				install
python3-brlapi					install
python3-cairo:amd64				install
python3-certifi					install
python3-cffi-backend				install
python3-chardet					install
python3-commandnotfound				install
python3-crypto					install
python3-cryptography				install
python3-cups					install
python3-cupshelpers				install
python3-dateutil				install
python3-dbus					install
python3-debconf					install
python3-debian					install
python3-defer					install
python3-dev					install
python3-distro					install
python3-distro-info				install
python3-distupgrade				install
python3-distutils				install
python3-evdev					install
python3-gdbm:amd64				install
python3-gi					install
python3-gi-cairo				install
python3-httplib2				install
python3-idna					install
python3-keyring					install
python3-keyrings.alt				install
python3-launchpadlib				install
python3-lazr.restfulclient			install
python3-lazr.uri				install
python3-lib2to3					install
python3-libsmbios				install
python3-louis					install
python3-macaroonbakery				install
python3-mako					install
python3-markupsafe				install
python3-minimal					install
python3-nacl					install
python3-netifaces				install
python3-oauth					install
python3-olefile					install
python3-pexpect					install
python3-pil:amd64				install
python3-pip					install
python3-pkg-resources				install
python3-problem-report				install
python3-protobuf				install
python3-ptyprocess				install
python3-pyatspi					install
python3-pygments				install
python3-pymacaroons				install
python3-pyxattr					install
python3-renderpm:amd64				install
python3-reportlab				install
python3-reportlab-accel:amd64			install
python3-requests				install
python3-requests-unixsocket			install
python3-rfc3339					install
python3-secretstorage				install
python3-setproctitle:amd64			install
python3-setuptools				install
python3-simplejson				install
python3-six					install
python3-software-properties			install
python3-speechd					install
python3-systemd					install
python3-tz					install
python3-uno					install
python3-update-manager				install
python3-urllib3					install
python3-wadllib					install
python3-wheel					install
python3-xdg					install
python3-xkit					install
python3-yaml					install
python3-zope.interface				install
python3.6					install
python3.6-dev					install
python3.6-minimal				install
qpdf						install
qt5-gtk-platformtheme:amd64			install
qttranslations5-l10n				install
rake						install
readline-common					install
redshift					install
remmina						install
remmina-common					install
remmina-plugin-rdp:amd64			install
remmina-plugin-secret:amd64			install
remmina-plugin-vnc:amd64			install
rfkill						install
rhythmbox					install
rhythmbox-data					install
rhythmbox-plugin-alternative-toolbar		install
rhythmbox-plugins				install
rsync						install
rsyslog						install
rtkit						install
rtmpdump					install
ruby						install
ruby-did-you-mean				install
ruby-minitest					install
ruby-net-telnet					install
ruby-paint					install
ruby-power-assert				install
ruby-test-unit					install
ruby-trollop					install
ruby2.5						install
rubygems-integration				install
samba-libs:amd64				install
sane-utils					install
sbsigntool					install
scdaemon					install
screen-resolution-extra				install
seahorse					install
seahorse-daemon					install
seahorse-nautilus				install
secureboot-db					install
sed						install
sensible-utils					install
session-migration				install
shared-mime-info				install
shim						install
shim-signed					install
shotwell					install
shotwell-common					install
simple-scan					install
smbios-utils					install
snapd						install
software-properties-common			install
software-properties-gtk				install
sound-icons					install
sound-theme-freedesktop				install
speech-dispatcher				install
speech-dispatcher-audio-plugins:amd64		install
speech-dispatcher-espeak-ng			install
spice-vdagent					install
sqlite3						install
sqlitebrowser					install
squashfs-tools					install
ssl-cert					install
steam:i386					install
steam-installer					install
strace						install
sudo						install
syslinux					install
syslinux-common					install
syslinux-legacy					install
sysstat						install
system-config-printer				install
system-config-printer-common			install
system-config-printer-udev			install
systemd						install
systemd-sysv					install
sysvinit-utils					install
t1utils						install
tar						install
tcl						install
tcl8.6						install
tcpdump						install
teams						install
telnet						install
tex-common					install
tex-gyre					install
texlive-base					install
texlive-binaries				install
texlive-fonts-extra				install
texlive-fonts-extra-links			install
texlive-fonts-recommended			install
texlive-latex-base				install
texlive-latex-extra				install
texlive-latex-recommended			install
texlive-pictures				install
texlive-plain-generic				install
texlive-publishers				install
texlive-xetex					install
thermald					install
thunderbird					install
thunderbird-gnome-support			install
thunderbird-locale-en				install
thunderbird-locale-en-us			install
tilda						install
time						install
tipa						install
tk						install
tk8.6						install
tlp						install
tlp-rdw						install
tmux						install
totem						install
totem-common					install
totem-plugins					install
transmission-common				install
transmission-gtk				install
ttf-mscorefonts-installer			install
typora						install
tzdata						install
ubuntu-advantage-tools				install
ubuntu-artwork					install
ubuntu-desktop					install
ubuntu-docs					install
ubuntu-drivers-common				install
ubuntu-keyring					install
ubuntu-minimal					install
ubuntu-mono					install
ubuntu-release-upgrader-core			install
ubuntu-release-upgrader-gtk			install
ubuntu-report					install
ubuntu-restricted-addons			install
ubuntu-restricted-extras			install
ubuntu-session					install
ubuntu-settings					install
ubuntu-software					install
ubuntu-sounds					install
ubuntu-standard					install
ubuntu-system-service				install
ubuntu-wallpapers				install
ubuntu-wallpapers-bionic			install
ubuntu-web-launchers				install
ucf						install
udev						install
udisks2						install
ufw						install
unattended-upgrades				install
uno-libs3					install
unrar						install
unzip						install
update-inetd					install
update-manager					install
update-manager-core				install
update-notifier					install
update-notifier-common				install
upower						install
ure						install
ureadahead					install
usb-creator-common				install
usb-creator-gtk					install
usb-modeswitch					install
usb-modeswitch-data				install
usbmuxd						install
usbutils					install
util-linux					install
uuid-runtime					install
v4l-utils					install
v4l2loopback-dkms				install
v4l2loopback-utils:amd64			install
va-driver-all:amd64				install
vainfo						install
vbetool						install
vdpau-driver-all:amd64				install
vim-common					install
vim-tiny					install
vino						install
virtualbox					install
virtualbox-dkms					install
virtualbox-qt					install
vlc						install
vlc-bin						install
vlc-data					install
vlc-l10n					install
vlc-plugin-base:amd64				install
vlc-plugin-notify:amd64				install
vlc-plugin-qt:amd64				install
vlc-plugin-samba:amd64				install
vlc-plugin-skins2:amd64				install
vlc-plugin-video-output:amd64			install
vlc-plugin-video-splitter:amd64			install
vlc-plugin-visualization:amd64			install
wamerican					install
wbritish					install
wget						install
whiptail					install
whoopsie					install
whoopsie-preferences				install
wine-stable					install
wine32:i386					install
wine64						install
winetricks					install
wireless-regdb					install
wireless-tools					install
wpasupplicant					install
x11-apps					install
x11-common					install
x11-session-utils				install
x11-utils					install
x11-xkb-utils					install
x11-xserver-utils				install
x11proto-core-dev				install
x11proto-dev					install
xauth						install
xbitmaps					install
xbrlapi						install
xclip						install
xcursor-themes					install
xdg-desktop-portal				install
xdg-desktop-portal-gtk				install
xdg-user-dirs					install
xdg-user-dirs-gtk				install
xdg-utils					install
xfonts-base					install
xfonts-encodings				install
xfonts-scalable					install
xfonts-utils					install
xinit						install
xinput						install
xkb-data					install
xorg						install
xorg-docs-core					install
xorg-sgml-doctools				install
xserver-common					install
xserver-xephyr					install
xserver-xorg-core-hwe-18.04			install
xserver-xorg-hwe-18.04				install
xserver-xorg-input-all-hwe-18.04		install
xserver-xorg-input-libinput-hwe-18.04		install
xserver-xorg-input-wacom-hwe-18.04		install
xserver-xorg-legacy-hwe-18.04			install
xserver-xorg-video-all-hwe-18.04		install
xserver-xorg-video-amdgpu-hwe-18.04		install
xserver-xorg-video-ati-hwe-18.04		install
xserver-xorg-video-fbdev-hwe-18.04		install
xserver-xorg-video-intel-hwe-18.04		install
xserver-xorg-video-nouveau-hwe-18.04		install
xserver-xorg-video-nvidia-440			install
xserver-xorg-video-qxl-hwe-18.04		install
xserver-xorg-video-radeon-hwe-18.04		install
xserver-xorg-video-vesa-hwe-18.04		install
xserver-xorg-video-vmware-hwe-18.04		install
xtrans-dev					install
xul-ext-ubufox					install
xwayland					install
xxd						install
xz-utils					install
yelp						install
yelp-xsl					install
youtube-dl					install
zeitgeist-core					install
zenity						install
zenity-common					install
zip						install
zlib1g:amd64					install
zlib1g:i386					install
zlib1g-dev:amd64				install
